{
  "RSpec": {
    "coverage": {
      "/Users/zainabbaruud/Projects/bowling-challenge-ruby/spec/bowling_spec.rb": {
        "lines": [
          1,
          null,
          1,
          null,
          1,
          1,
          21,
          1,
          null,
          null,
          1,
          1,
          21,
          1,
          null,
          null,
          null
        ]
      },
      "/Users/zainabbaruud/Projects/bowling-challenge-ruby/lib/bowling.rb": {
        "lines": [
          1,
          null,
          1,
          3,
          3,
          null,
          null,
          1,
          40,
          null,
          null,
          1,
          2,
          null,
          null,
          42,
          40,
          2,
          null,
          null,
          null,
          null,
          1,
          null,
          null
        ]
      }
    },
    "timestamp": 1630579129
  }
}
